SQLite3 Sharding Memory Footprint Analysis
==========================================
=== Baseline (before initialization) ===
Allocated memory: 0 MB
Total allocations: 0 MB
System memory: 6 MB
GC cycles: 0

Testing Mode 0: Single Database (1 DB, 4096 tables)
Initialized: 1 DB with 4096 tables
Databases: 1, Tables per DB: 4096
Initialization time: 456.578017ms
=== Mode 0 - After initialization ===
Allocated memory: 2 MB
Total allocations: 2 MB
System memory: 6 MB
GC cycles: 0

Inserting 100000 test hashes into Mode 0...
  Inserted 1000/100000 hashes (1.0%, 1000 successful)...
  Inserted 2000/100000 hashes (2.0%, 2000 successful)...
  Inserted 3000/100000 hashes (3.0%, 3000 successful)...
  Inserted 4000/100000 hashes (4.0%, 4000 successful)...
  Inserted 5000/100000 hashes (5.0%, 5000 successful)...
  Inserted 6000/100000 hashes (6.0%, 6000 successful)...
  Inserted 7000/100000 hashes (7.0%, 7000 successful)...
  Inserted 8000/100000 hashes (8.0%, 8000 successful)...
  Inserted 9000/100000 hashes (9.0%, 9000 successful)...
  Inserted 10000/100000 hashes (10.0%, 10000 successful)...
  Inserted 11000/100000 hashes (11.0%, 11000 successful)...
  Inserted 12000/100000 hashes (12.0%, 12000 successful)...
  Inserted 13000/100000 hashes (13.0%, 13000 successful)...
  Inserted 14000/100000 hashes (14.0%, 14000 successful)...
  Inserted 15000/100000 hashes (15.0%, 15000 successful)...
  Inserted 16000/100000 hashes (16.0%, 16000 successful)...
  Inserted 17000/100000 hashes (17.0%, 17000 successful)...
  Inserted 18000/100000 hashes (18.0%, 18000 successful)...
  Inserted 19000/100000 hashes (19.0%, 19000 successful)...
  Inserted 20000/100000 hashes (20.0%, 20000 successful)...
  Inserted 21000/100000 hashes (21.0%, 21000 successful)...
  Inserted 22000/100000 hashes (22.0%, 22000 successful)...
  Inserted 23000/100000 hashes (23.0%, 23000 successful)...
  Inserted 24000/100000 hashes (24.0%, 24000 successful)...
  Inserted 25000/100000 hashes (25.0%, 25000 successful)...
  Inserted 26000/100000 hashes (26.0%, 26000 successful)...
  Inserted 27000/100000 hashes (27.0%, 27000 successful)...
  Inserted 28000/100000 hashes (28.0%, 28000 successful)...
  Inserted 29000/100000 hashes (29.0%, 29000 successful)...
  Inserted 30000/100000 hashes (30.0%, 30000 successful)...
  Inserted 31000/100000 hashes (31.0%, 31000 successful)...
  Inserted 32000/100000 hashes (32.0%, 32000 successful)...
  Inserted 33000/100000 hashes (33.0%, 33000 successful)...
  Inserted 34000/100000 hashes (34.0%, 34000 successful)...
  Inserted 35000/100000 hashes (35.0%, 35000 successful)...
  Inserted 36000/100000 hashes (36.0%, 36000 successful)...
  Inserted 37000/100000 hashes (37.0%, 37000 successful)...
  Inserted 38000/100000 hashes (38.0%, 38000 successful)...
  Inserted 39000/100000 hashes (39.0%, 39000 successful)...
  Inserted 40000/100000 hashes (40.0%, 40000 successful)...
  Inserted 41000/100000 hashes (41.0%, 41000 successful)...
  Inserted 42000/100000 hashes (42.0%, 42000 successful)...
  Inserted 43000/100000 hashes (43.0%, 43000 successful)...
  Inserted 44000/100000 hashes (44.0%, 44000 successful)...
  Inserted 45000/100000 hashes (45.0%, 45000 successful)...
  Inserted 46000/100000 hashes (46.0%, 46000 successful)...
  Inserted 47000/100000 hashes (47.0%, 47000 successful)...
  Inserted 48000/100000 hashes (48.0%, 48000 successful)...
  Inserted 49000/100000 hashes (49.0%, 49000 successful)...
  Inserted 50000/100000 hashes (50.0%, 50000 successful)...
  Inserted 51000/100000 hashes (51.0%, 51000 successful)...
  Inserted 52000/100000 hashes (52.0%, 52000 successful)...
  Inserted 53000/100000 hashes (53.0%, 53000 successful)...
  Inserted 54000/100000 hashes (54.0%, 54000 successful)...
  Inserted 55000/100000 hashes (55.0%, 55000 successful)...
  Inserted 56000/100000 hashes (56.0%, 56000 successful)...
  Inserted 57000/100000 hashes (57.0%, 57000 successful)...
  Inserted 58000/100000 hashes (58.0%, 58000 successful)...
  Inserted 59000/100000 hashes (59.0%, 59000 successful)...
  Inserted 60000/100000 hashes (60.0%, 60000 successful)...
  Inserted 61000/100000 hashes (61.0%, 61000 successful)...
  Inserted 62000/100000 hashes (62.0%, 62000 successful)...
  Inserted 63000/100000 hashes (63.0%, 63000 successful)...
  Inserted 64000/100000 hashes (64.0%, 64000 successful)...
  Inserted 65000/100000 hashes (65.0%, 65000 successful)...
  Inserted 66000/100000 hashes (66.0%, 66000 successful)...
  Inserted 67000/100000 hashes (67.0%, 67000 successful)...
  Inserted 68000/100000 hashes (68.0%, 68000 successful)...
  Inserted 69000/100000 hashes (69.0%, 69000 successful)...
  Inserted 70000/100000 hashes (70.0%, 70000 successful)...
  Inserted 71000/100000 hashes (71.0%, 71000 successful)...
  Inserted 72000/100000 hashes (72.0%, 72000 successful)...
  Inserted 73000/100000 hashes (73.0%, 73000 successful)...
  Inserted 74000/100000 hashes (74.0%, 74000 successful)...
  Inserted 75000/100000 hashes (75.0%, 75000 successful)...
  Inserted 76000/100000 hashes (76.0%, 76000 successful)...
  Inserted 77000/100000 hashes (77.0%, 77000 successful)...
  Inserted 78000/100000 hashes (78.0%, 78000 successful)...
  Inserted 79000/100000 hashes (79.0%, 79000 successful)...
  Inserted 80000/100000 hashes (80.0%, 80000 successful)...
  Inserted 81000/100000 hashes (81.0%, 81000 successful)...
  Inserted 82000/100000 hashes (82.0%, 82000 successful)...
  Inserted 83000/100000 hashes (83.0%, 83000 successful)...
  Inserted 84000/100000 hashes (84.0%, 84000 successful)...
  Inserted 85000/100000 hashes (85.0%, 85000 successful)...
  Inserted 86000/100000 hashes (86.0%, 86000 successful)...
  Inserted 87000/100000 hashes (87.0%, 87000 successful)...
  Inserted 88000/100000 hashes (88.0%, 88000 successful)...
  Inserted 89000/100000 hashes (89.0%, 89000 successful)...
  Inserted 90000/100000 hashes (90.0%, 90000 successful)...
  Inserted 91000/100000 hashes (91.0%, 91000 successful)...
  Inserted 92000/100000 hashes (92.0%, 92000 successful)...
  Inserted 93000/100000 hashes (93.0%, 93000 successful)...
  Inserted 94000/100000 hashes (94.0%, 94000 successful)...
  Inserted 95000/100000 hashes (95.0%, 95000 successful)...
  Inserted 96000/100000 hashes (96.0%, 96000 successful)...
  Inserted 97000/100000 hashes (97.0%, 97000 successful)...
  Inserted 98000/100000 hashes (98.0%, 98000 successful)...
  Inserted 99000/100000 hashes (99.0%, 99000 successful)...
  Inserted 100000/100000 hashes (100.0%, 100000 successful)...
Completed inserting 100000 hashes in 558.823939ms (178947 hashes/sec, 100000 successful)
=== Mode 0 - After inserting 100K hashes ===
Allocated memory: 2 MB
Total allocations: 42 MB
System memory: 11 MB
GC cycles: 12

=== Mode 0 - After GC ===
Allocated memory: 0 MB
Total allocations: 42 MB
System memory: 11 MB
GC cycles: 13


Testing Mode 2: Hybrid Approach (16 DBs, 256 tables each)
Initialized: 16 DBs with 256 tables each
Databases: 16, Tables per DB: 256
Initialization time: 197.772031ms
=== Mode 2 - After initialization ===
Allocated memory: 2 MB
Total allocations: 45 MB
System memory: 11 MB
GC cycles: 13

Inserting 100000 test hashes into Mode 2...
  Inserted 1000/100000 hashes (1.0%, 1000 successful)...
  Inserted 2000/100000 hashes (2.0%, 2000 successful)...
  Inserted 3000/100000 hashes (3.0%, 3000 successful)...
  Inserted 4000/100000 hashes (4.0%, 4000 successful)...
  Inserted 5000/100000 hashes (5.0%, 5000 successful)...
  Inserted 6000/100000 hashes (6.0%, 6000 successful)...
  Inserted 7000/100000 hashes (7.0%, 7000 successful)...
  Inserted 8000/100000 hashes (8.0%, 8000 successful)...
  Inserted 9000/100000 hashes (9.0%, 9000 successful)...
  Inserted 10000/100000 hashes (10.0%, 10000 successful)...
  Inserted 11000/100000 hashes (11.0%, 11000 successful)...
  Inserted 12000/100000 hashes (12.0%, 12000 successful)...
  Inserted 13000/100000 hashes (13.0%, 13000 successful)...
  Inserted 14000/100000 hashes (14.0%, 14000 successful)...
  Inserted 15000/100000 hashes (15.0%, 15000 successful)...
  Inserted 16000/100000 hashes (16.0%, 16000 successful)...
  Inserted 17000/100000 hashes (17.0%, 17000 successful)...
  Inserted 18000/100000 hashes (18.0%, 18000 successful)...
  Inserted 19000/100000 hashes (19.0%, 19000 successful)...
  Inserted 20000/100000 hashes (20.0%, 20000 successful)...
  Inserted 21000/100000 hashes (21.0%, 21000 successful)...
  Inserted 22000/100000 hashes (22.0%, 22000 successful)...
  Inserted 23000/100000 hashes (23.0%, 23000 successful)...
  Inserted 24000/100000 hashes (24.0%, 24000 successful)...
  Inserted 25000/100000 hashes (25.0%, 25000 successful)...
  Inserted 26000/100000 hashes (26.0%, 26000 successful)...
  Inserted 27000/100000 hashes (27.0%, 27000 successful)...
  Inserted 28000/100000 hashes (28.0%, 28000 successful)...
  Inserted 29000/100000 hashes (29.0%, 29000 successful)...
  Inserted 30000/100000 hashes (30.0%, 30000 successful)...
  Inserted 31000/100000 hashes (31.0%, 31000 successful)...
  Inserted 32000/100000 hashes (32.0%, 32000 successful)...
  Inserted 33000/100000 hashes (33.0%, 33000 successful)...
  Inserted 34000/100000 hashes (34.0%, 34000 successful)...
  Inserted 35000/100000 hashes (35.0%, 35000 successful)...
  Inserted 36000/100000 hashes (36.0%, 36000 successful)...
  Inserted 37000/100000 hashes (37.0%, 37000 successful)...
  Inserted 38000/100000 hashes (38.0%, 38000 successful)...
  Inserted 39000/100000 hashes (39.0%, 39000 successful)...
  Inserted 40000/100000 hashes (40.0%, 40000 successful)...
  Inserted 41000/100000 hashes (41.0%, 41000 successful)...
  Inserted 42000/100000 hashes (42.0%, 42000 successful)...
  Inserted 43000/100000 hashes (43.0%, 43000 successful)...
  Inserted 44000/100000 hashes (44.0%, 44000 successful)...
  Inserted 45000/100000 hashes (45.0%, 45000 successful)...
  Inserted 46000/100000 hashes (46.0%, 46000 successful)...
  Inserted 47000/100000 hashes (47.0%, 47000 successful)...
  Inserted 48000/100000 hashes (48.0%, 48000 successful)...
  Inserted 49000/100000 hashes (49.0%, 49000 successful)...
  Inserted 50000/100000 hashes (50.0%, 50000 successful)...
  Inserted 51000/100000 hashes (51.0%, 51000 successful)...
  Inserted 52000/100000 hashes (52.0%, 52000 successful)...
  Inserted 53000/100000 hashes (53.0%, 53000 successful)...
  Inserted 54000/100000 hashes (54.0%, 54000 successful)...
  Inserted 55000/100000 hashes (55.0%, 55000 successful)...
  Inserted 56000/100000 hashes (56.0%, 56000 successful)...
  Inserted 57000/100000 hashes (57.0%, 57000 successful)...
  Inserted 58000/100000 hashes (58.0%, 58000 successful)...
  Inserted 59000/100000 hashes (59.0%, 59000 successful)...
  Inserted 60000/100000 hashes (60.0%, 60000 successful)...
  Inserted 61000/100000 hashes (61.0%, 61000 successful)...
  Inserted 62000/100000 hashes (62.0%, 62000 successful)...
  Inserted 63000/100000 hashes (63.0%, 63000 successful)...
  Inserted 64000/100000 hashes (64.0%, 64000 successful)...
  Inserted 65000/100000 hashes (65.0%, 65000 successful)...
  Inserted 66000/100000 hashes (66.0%, 66000 successful)...
  Inserted 67000/100000 hashes (67.0%, 67000 successful)...
  Inserted 68000/100000 hashes (68.0%, 68000 successful)...
  Inserted 69000/100000 hashes (69.0%, 69000 successful)...
  Inserted 70000/100000 hashes (70.0%, 70000 successful)...
  Inserted 71000/100000 hashes (71.0%, 71000 successful)...
  Inserted 72000/100000 hashes (72.0%, 72000 successful)...
  Inserted 73000/100000 hashes (73.0%, 73000 successful)...
  Inserted 74000/100000 hashes (74.0%, 74000 successful)...
  Inserted 75000/100000 hashes (75.0%, 75000 successful)...
  Inserted 76000/100000 hashes (76.0%, 76000 successful)...
  Inserted 77000/100000 hashes (77.0%, 77000 successful)...
  Inserted 78000/100000 hashes (78.0%, 78000 successful)...
  Inserted 79000/100000 hashes (79.0%, 79000 successful)...
  Inserted 80000/100000 hashes (80.0%, 80000 successful)...
  Inserted 81000/100000 hashes (81.0%, 81000 successful)...
  Inserted 82000/100000 hashes (82.0%, 82000 successful)...
  Inserted 83000/100000 hashes (83.0%, 83000 successful)...
  Inserted 84000/100000 hashes (84.0%, 84000 successful)...
  Inserted 85000/100000 hashes (85.0%, 85000 successful)...
  Inserted 86000/100000 hashes (86.0%, 86000 successful)...
  Inserted 87000/100000 hashes (87.0%, 87000 successful)...
  Inserted 88000/100000 hashes (88.0%, 88000 successful)...
  Inserted 89000/100000 hashes (89.0%, 89000 successful)...
  Inserted 90000/100000 hashes (90.0%, 90000 successful)...
  Inserted 91000/100000 hashes (91.0%, 91000 successful)...
  Inserted 92000/100000 hashes (92.0%, 92000 successful)...
  Inserted 93000/100000 hashes (93.0%, 93000 successful)...
  Inserted 94000/100000 hashes (94.0%, 94000 successful)...
  Inserted 95000/100000 hashes (95.0%, 95000 successful)...
  Inserted 96000/100000 hashes (96.0%, 96000 successful)...
  Inserted 97000/100000 hashes (97.0%, 97000 successful)...
  Inserted 98000/100000 hashes (98.0%, 98000 successful)...
  Inserted 99000/100000 hashes (99.0%, 99000 successful)...
  Inserted 100000/100000 hashes (100.0%, 100000 successful)...
Completed inserting 100000 hashes in 403.85042ms (247616 hashes/sec, 100000 successful)
=== Mode 2 - After inserting 100K hashes ===
Allocated memory: 2 MB
Total allocations: 85 MB
System memory: 11 MB
GC cycles: 25

=== Mode 2 - After GC ===
Allocated memory: 0 MB
Total allocations: 85 MB
System memory: 11 MB
GC cycles: 26

Cache configuration: 2000 pages (7 MB per DB, 112 MB total)
Estimated total memory: 129 MB

Testing Mode 3: Balanced Approach (64 DBs, 64 tables each)
Initialized: 64 DBs with 64 tables each
Databases: 64, Tables per DB: 64
Initialization time: 285.475652ms
=== Mode 3 - After initialization ===
Allocated memory: 2 MB
Total allocations: 88 MB
System memory: 11 MB
GC cycles: 26

Inserting 100000 test hashes into Mode 3...
  Inserted 1000/100000 hashes (1.0%, 1000 successful)...
  Inserted 2000/100000 hashes (2.0%, 2000 successful)...
  Inserted 3000/100000 hashes (3.0%, 3000 successful)...
  Inserted 4000/100000 hashes (4.0%, 4000 successful)...
  Inserted 5000/100000 hashes (5.0%, 5000 successful)...
  Inserted 6000/100000 hashes (6.0%, 6000 successful)...
  Inserted 7000/100000 hashes (7.0%, 7000 successful)...
  Inserted 8000/100000 hashes (8.0%, 8000 successful)...
  Inserted 9000/100000 hashes (9.0%, 9000 successful)...
  Inserted 10000/100000 hashes (10.0%, 10000 successful)...
  Inserted 11000/100000 hashes (11.0%, 11000 successful)...
  Inserted 12000/100000 hashes (12.0%, 12000 successful)...
  Inserted 13000/100000 hashes (13.0%, 13000 successful)...
  Inserted 14000/100000 hashes (14.0%, 14000 successful)...
  Inserted 15000/100000 hashes (15.0%, 15000 successful)...
  Inserted 16000/100000 hashes (16.0%, 16000 successful)...
  Inserted 17000/100000 hashes (17.0%, 17000 successful)...
  Inserted 18000/100000 hashes (18.0%, 18000 successful)...
  Inserted 19000/100000 hashes (19.0%, 19000 successful)...
  Inserted 20000/100000 hashes (20.0%, 20000 successful)...
  Inserted 21000/100000 hashes (21.0%, 21000 successful)...
  Inserted 22000/100000 hashes (22.0%, 22000 successful)...
  Inserted 23000/100000 hashes (23.0%, 23000 successful)...
  Inserted 24000/100000 hashes (24.0%, 24000 successful)...
  Inserted 25000/100000 hashes (25.0%, 25000 successful)...
  Inserted 26000/100000 hashes (26.0%, 26000 successful)...
  Inserted 27000/100000 hashes (27.0%, 27000 successful)...
  Inserted 28000/100000 hashes (28.0%, 28000 successful)...
  Inserted 29000/100000 hashes (29.0%, 29000 successful)...
  Inserted 30000/100000 hashes (30.0%, 30000 successful)...
  Inserted 31000/100000 hashes (31.0%, 31000 successful)...
  Inserted 32000/100000 hashes (32.0%, 32000 successful)...
  Inserted 33000/100000 hashes (33.0%, 33000 successful)...
  Inserted 34000/100000 hashes (34.0%, 34000 successful)...
  Inserted 35000/100000 hashes (35.0%, 35000 successful)...
  Inserted 36000/100000 hashes (36.0%, 36000 successful)...
  Inserted 37000/100000 hashes (37.0%, 37000 successful)...
  Inserted 38000/100000 hashes (38.0%, 38000 successful)...
  Inserted 39000/100000 hashes (39.0%, 39000 successful)...
  Inserted 40000/100000 hashes (40.0%, 40000 successful)...
  Inserted 41000/100000 hashes (41.0%, 41000 successful)...
  Inserted 42000/100000 hashes (42.0%, 42000 successful)...
  Inserted 43000/100000 hashes (43.0%, 43000 successful)...
  Inserted 44000/100000 hashes (44.0%, 44000 successful)...
  Inserted 45000/100000 hashes (45.0%, 45000 successful)...
  Inserted 46000/100000 hashes (46.0%, 46000 successful)...
  Inserted 47000/100000 hashes (47.0%, 47000 successful)...
  Inserted 48000/100000 hashes (48.0%, 48000 successful)...
  Inserted 49000/100000 hashes (49.0%, 49000 successful)...
  Inserted 50000/100000 hashes (50.0%, 50000 successful)...
  Inserted 51000/100000 hashes (51.0%, 51000 successful)...
  Inserted 52000/100000 hashes (52.0%, 52000 successful)...
  Inserted 53000/100000 hashes (53.0%, 53000 successful)...
  Inserted 54000/100000 hashes (54.0%, 54000 successful)...
  Inserted 55000/100000 hashes (55.0%, 55000 successful)...
  Inserted 56000/100000 hashes (56.0%, 56000 successful)...
  Inserted 57000/100000 hashes (57.0%, 57000 successful)...
  Inserted 58000/100000 hashes (58.0%, 58000 successful)...
  Inserted 59000/100000 hashes (59.0%, 59000 successful)...
  Inserted 60000/100000 hashes (60.0%, 60000 successful)...
  Inserted 61000/100000 hashes (61.0%, 61000 successful)...
  Inserted 62000/100000 hashes (62.0%, 62000 successful)...
  Inserted 63000/100000 hashes (63.0%, 63000 successful)...
  Inserted 64000/100000 hashes (64.0%, 64000 successful)...
  Inserted 65000/100000 hashes (65.0%, 65000 successful)...
  Inserted 66000/100000 hashes (66.0%, 66000 successful)...
  Inserted 67000/100000 hashes (67.0%, 67000 successful)...
  Inserted 68000/100000 hashes (68.0%, 68000 successful)...
  Inserted 69000/100000 hashes (69.0%, 69000 successful)...
  Inserted 70000/100000 hashes (70.0%, 70000 successful)...
  Inserted 71000/100000 hashes (71.0%, 71000 successful)...
  Inserted 72000/100000 hashes (72.0%, 72000 successful)...
  Inserted 73000/100000 hashes (73.0%, 73000 successful)...
  Inserted 74000/100000 hashes (74.0%, 74000 successful)...
  Inserted 75000/100000 hashes (75.0%, 75000 successful)...
  Inserted 76000/100000 hashes (76.0%, 76000 successful)...
  Inserted 77000/100000 hashes (77.0%, 77000 successful)...
  Inserted 78000/100000 hashes (78.0%, 78000 successful)...
  Inserted 79000/100000 hashes (79.0%, 79000 successful)...
  Inserted 80000/100000 hashes (80.0%, 80000 successful)...
  Inserted 81000/100000 hashes (81.0%, 81000 successful)...
  Inserted 82000/100000 hashes (82.0%, 82000 successful)...
  Inserted 83000/100000 hashes (83.0%, 83000 successful)...
  Inserted 84000/100000 hashes (84.0%, 84000 successful)...
  Inserted 85000/100000 hashes (85.0%, 85000 successful)...
  Inserted 86000/100000 hashes (86.0%, 86000 successful)...
  Inserted 87000/100000 hashes (87.0%, 87000 successful)...
  Inserted 88000/100000 hashes (88.0%, 88000 successful)...
  Inserted 89000/100000 hashes (89.0%, 89000 successful)...
  Inserted 90000/100000 hashes (90.0%, 90000 successful)...
  Inserted 91000/100000 hashes (91.0%, 91000 successful)...
  Inserted 92000/100000 hashes (92.0%, 92000 successful)...
  Inserted 93000/100000 hashes (93.0%, 93000 successful)...
  Inserted 94000/100000 hashes (94.0%, 94000 successful)...
  Inserted 95000/100000 hashes (95.0%, 95000 successful)...
  Inserted 96000/100000 hashes (96.0%, 96000 successful)...
  Inserted 97000/100000 hashes (97.0%, 97000 successful)...
  Inserted 98000/100000 hashes (98.0%, 98000 successful)...
  Inserted 99000/100000 hashes (99.0%, 99000 successful)...
  Inserted 100000/100000 hashes (100.0%, 100000 successful)...
Completed inserting 100000 hashes in 358.609465ms (278855 hashes/sec, 100000 successful)
=== Mode 3 - After inserting 100K hashes ===
Allocated memory: 2 MB
Total allocations: 128 MB
System memory: 11 MB
GC cycles: 39

=== Mode 3 - After GC ===
Allocated memory: 0 MB
Total allocations: 128 MB
System memory: 11 MB
GC cycles: 40

Cache configuration: 1000 pages (3 MB per DB, 192 MB total)
Estimated total memory: 248 MB

=== MEMORY USAGE SUMMARY ===
Mode 0 (1 DB): Initialization time 456.578017ms
Mode 2 (16 DBs): Initialization time 197.772031ms
Mode 3 (64 DBs): Initialization time 285.475652ms

Observations:
• Mode 0 uses least memory (shared page cache, 400MB)
• Mode 2 uses adaptive cache (8MB per DB × 16 = 128MB total)
• Mode 3 uses adaptive cache (4MB per DB × 64 = 256MB total)
• Initialization time increases with more databases
• Adaptive cache sizing makes multi-DB modes practical

Recommendations:
• Use Mode 0 for most applications (best single-DB performance)
• Use Mode 2 for 16-way parallelism (good memory efficiency)
• Use Mode 3 for 64-way parallelism (moderate memory usage)
• Monitor memory usage in production environments
• Multi-DB modes now use adaptive cache sizing to prevent excessive RAM usage
